<?xml version="1.0" encoding="UTF-8"?>
<!-- Generated by org.testng.reporters.JUnitReportReporter -->
<testsuite skipped="0" hostname="OSIT-L-0354" name="com.test.uiautomation.Automation.registrationPage.TC001_VerifyRegistrationWithValidData" tests="1" failures="0" timestamp="13 Mar 2018 11:22:13 GMT" time="17.868" errors="0">
  <testcase name="verifyLoginWithInvalidCredentials" time="17.868" classname="com.test.uiautomation.Automation.registrationPage.TC001_VerifyRegistrationWithValidData"/>
</testsuite> <!-- com.test.uiautomation.Automation.registrationPage.TC001_VerifyRegistrationWithValidData -->
