<?xml version="1.0" encoding="UTF-8"?>
<!-- Generated by org.testng.reporters.JUnitReportReporter -->
<testsuite skipped="0" hostname="OSIT-L-0298" name="com.test.uiautomation.Automation.homePage.TC001_VerifyLoginWithInvalidCredentials" tests="1" failures="0" timestamp="10 Mar 2018 06:33:50 GMT" time="5.183" errors="0">
  <testcase name="verifyLoginWithInvalidCredentials" time="5.183" classname="com.test.uiautomation.Automation.homePage.TC001_VerifyLoginWithInvalidCredentials"/>
</testsuite> <!-- com.test.uiautomation.Automation.homePage.TC001_VerifyLoginWithInvalidCredentials -->
